<?xml version="1.0" encoding="UTF-8"?>
<!-- Generated by org.testng.reporters.JUnitReportReporter -->
<testsuite hostname="INMUTHIREVULAY" failures="0" tests="1" name="TestNgTest.OpenBrowser" time="0.009" errors="0" timestamp="2021-11-01T19:13:06 IST" skipped="0">
  <testcase classname="TestNgTest.OpenBrowser" name="myMethod" time="0.009"/>
  <system-out/>
</testsuite> <!-- TestNgTest.OpenBrowser -->
