<?xml version="1.0" encoding="UTF-8"?>
<!-- Generated by org.testng.reporters.JUnitReportReporter -->
<testsuite hostname="INMUTHIREVULAY" failures="0" tests="1" name="TestNgTest.TestClass" time="7.746" errors="0" timestamp="2021-11-01T19:26:34 IST" skipped="0">
  <testcase classname="TestNgTest.TestClass" name="driverIni" time="7.746"/>
  <system-out/>
</testsuite> <!-- TestNgTest.TestClass -->
